<?xml version="1.0" encoding="UTF-8"?>
<!-- Generated by org.testng.reporters.JUnitReportReporter -->
<testsuite hostname="Edwins-MacBook-Pro.local" failures="0" tests="1" name="testAdactin.testAdactin" time="10.479" errors="0" timestamp="23 Mar. 2019 17:41:13 GMT" skipped="0">
  <testcase classname="testAdactin.testAdactin" name="openDriver" time="10.479"/>
</testsuite> <!-- testAdactin.testAdactin -->
