<?xml version="1.0" encoding="UTF-8"?>
<!-- Generated by org.testng.reporters.JUnitReportReporter -->
<testsuite hostname="Edwins-MacBook-Pro.local" failures="0" tests="1" name="testAdactin.testAdactin" time="27.479" errors="0" timestamp="31 Mar. 2019 00:47:45 GMT" skipped="0">
  <testcase classname="testAdactin.testAdactin" name="openDriver" time="27.479"/>
</testsuite> <!-- testAdactin.testAdactin -->
