<?xml version="1.0" encoding="UTF-8"?>
<!-- Generated by org.testng.reporters.JUnitReportReporter -->
<testsuite hostname="Edwins-MacBook-Pro.local" failures="0" tests="1" name="testAdactin.testAdactin" time="9.865" errors="0" timestamp="23 Mar. 2019 16:24:29 GMT" skipped="0">
  <testcase classname="testAdactin.testAdactin" name="openDriver" time="9.865"/>
</testsuite> <!-- testAdactin.testAdactin -->
